# JRE version: Java(TM) SE Runtime Environment (8.0_71-b15) (build 1.8.0_71-b15)
# Java VM: Java HotSpot(TM) 64-Bit Server VM (25.71-b15 mixed mode linux-amd64 compressed oops)
Heap:
 PSYoungGen      total 167936K, used 0K [0x00000000f5900000, 0x0000000100000000, 0x0000000100000000)
  eden space 164864K, 0% used [0x00000000f5900000,0x00000000f5900000,0x00000000ffa00000)
  from space 3072K, 0% used [0x00000000ffd00000,0x00000000ffd00000,0x0000000100000000)
  to   space 3072K, 0% used [0x00000000ffa00000,0x00000000ffa00000,0x00000000ffd00000)
 ParOldGen       total 232448K, used 6395K [0x00000000e0a00000, 0x00000000eed00000, 0x00000000f5900000)
  object space 232448K, 2% used [0x00000000e0a00000,0x00000000e103ed90,0x00000000eed00000)
 Metaspace       used 3917K, capacity 4776K, committed 4864K, reserved 1056768K
  class space    used 437K, capacity 503K, committed 512K, reserved 1048576K
GC Heap History (10 events):
Event: 2564.558 GC heap after
Heap after GC invocations=27144 (full 218):
 PSYoungGen      total 167936K, used 2973K [0x00000000f5900000, 0x0000000100000000, 0x0000000100000000)
  eden space 164864K, 0% used [0x00000000f5900000,0x00000000f5900000,0x00000000ffa00000)
  from space 3072K, 96% used [0x00000000ffd00000,0x00000000fffe75e8,0x0000000100000000)
  to   space 3072K, 0% used [0x00000000ffa00000,0x00000000ffa00000,0x00000000ffd00000)
 ParOldGen       total 232448K, used 223596K [0x00000000e0a00000, 0x00000000eed00000, 0x00000000f5900000)
  object space 232448K, 96% used [0x00000000e0a00000,0x00000000ee45b248,0x00000000eed00000)
 Metaspace       used 3917K, capacity 4776K, committed 4864K, reserved 1056768K
  class space    used 437K, capacity 503K, committed 512K, reserved 1048576K
}
Event: 2564.826 GC heap before
{Heap before GC invocations=27145 (full 218):
 PSYoungGen      total 167936K, used 165084K [0x00000000f5900000, 0x0000000100000000, 0x0000000100000000)
  eden space 164864K, 98% used [0x00000000f5900000,0x00000000ff74fd50,0x00000000ffa00000)
  from space 3072K, 96% used [0x00000000ffd00000,0x00000000fffe75e8,0x0000000100000000)
  to   space 3072K, 0% used [0x00000000ffa00000,0x00000000ffa00000,0x00000000ffd00000)
 ParOldGen       total 232448K, used 223596K [0x00000000e0a00000, 0x00000000eed00000, 0x00000000f5900000)
  object space 232448K, 96% used [0x00000000e0a00000,0x00000000ee45b248,0x00000000eed00000)
 Metaspace       used 3917K, capacity 4776K, committed 4864K, reserved 1056768K
  class space    used 437K, capacity 503K, committed 512K, reserved 1048576K
Event: 2564.869 GC heap after
Heap after GC invocations=27145 (full 218):
 PSYoungGen      total 167936K, used 2973K [0x00000000f5900000, 0x0000000100000000, 0x0000000100000000)
  eden space 164864K, 0% used [0x00000000f5900000,0x00000000f5900000,0x00000000ffa00000)
  from space 3072K, 96% used [0x00000000ffa00000,0x00000000ffce7600,0x00000000ffd00000)
  to   space 3072K, 0% used [0x00000000ffd00000,0x00000000ffd00000,0x0000000100000000)
 ParOldGen       total 232448K, used 223596K [0x00000000e0a00000, 0x00000000eed00000, 0x00000000f5900000)
  object space 232448K, 96% used [0x00000000e0a00000,0x00000000ee45b248,0x00000000eed00000)
 Metaspace       used 3917K, capacity 4776K, committed 4864K, reserved 1056768K
  class space    used 437K, capacity 503K, committed 512K, reserved 1048576K
}
Event: 2565.222 GC heap before
{Heap before GC invocations=27146 (full 218):
 PSYoungGen      total 167936K, used 165073K [0x00000000f5900000, 0x0000000100000000, 0x0000000100000000)
  eden space 164864K, 98% used [0x00000000f5900000,0x00000000ff74d0b0,0x00000000ffa00000)
  from space 3072K, 96% used [0x00000000ffa00000,0x00000000ffce7600,0x00000000ffd00000)
  to   space 3072K, 0% used [0x00000000ffd00000,0x00000000ffd00000,0x0000000100000000)
 ParOldGen       total 232448K, used 223596K [0x00000000e0a00000, 0x00000000eed00000, 0x00000000f5900000)
  object space 232448K, 96% used [0x00000000e0a00000,0x00000000ee45b248,0x00000000eed00000)
 Metaspace       used 3917K, capacity 4776K, committed 4864K, reserved 1056768K
  class space    used 437K, capacity 503K, committed 512K, reserved 1048576K
Event: 2565.285 GC heap after
Heap after GC invocations=27146 (full 218):
 PSYoungGen      total 167936K, used 3005K [0x00000000f5900000, 0x0000000100000000, 0x0000000100000000)
  eden space 164864K, 0% used [0x00000000f5900000,0x00000000f5900000,0x00000000ffa00000)
  from space 3072K, 97% used [0x00000000ffd00000,0x00000000fffef650,0x0000000100000000)
  to   space 3072K, 0% used [0x00000000ffa00000,0x00000000ffa00000,0x00000000ffd00000)
 ParOldGen       total 232448K, used 226538K [0x00000000e0a00000, 0x00000000eed00000, 0x00000000f5900000)
  object space 232448K, 97% used [0x00000000e0a00000,0x00000000ee73a878,0x00000000eed00000)
 Metaspace       used 3917K, capacity 4776K, committed 4864K, reserved 1056768K
  class space    used 437K, capacity 503K, committed 512K, reserved 1048576K
}
Event: 2565.587 GC heap before
{Heap before GC invocations=27147 (full 218):
 PSYoungGen      total 167936K, used 165122K [0x00000000f5900000, 0x0000000100000000, 0x0000000100000000)
  eden space 164864K, 98% used [0x00000000f5900000,0x00000000ff751488,0x00000000ffa00000)
  from space 3072K, 97% used [0x00000000ffd00000,0x00000000fffef650,0x0000000100000000)
  to   space 3072K, 0% used [0x00000000ffa00000,0x00000000ffa00000,0x00000000ffd00000)
 ParOldGen       total 232448K, used 226538K [0x00000000e0a00000, 0x00000000eed00000, 0x00000000f5900000)
  object space 232448K, 97% used [0x00000000e0a00000,0x00000000ee73a878,0x00000000eed00000)
 Metaspace       used 3917K, capacity 4776K, committed 4864K, reserved 1056768K
  class space    used 437K, capacity 503K, committed 512K, reserved 1048576K
Event: 2565.609 GC heap after
Heap after GC invocations=27147 (full 218):
 PSYoungGen      total 167936K, used 2973K [0x00000000f5900000, 0x0000000100000000, 0x0000000100000000)
  eden space 164864K, 0% used [0x00000000f5900000,0x00000000f5900000,0x00000000ffa00000)
  from space 3072K, 96% used [0x00000000ffa00000,0x00000000ffce7668,0x00000000ffd00000)
  to   space 3072K, 0% used [0x00000000ffd00000,0x00000000ffd00000,0x0000000100000000)
 ParOldGen       total 232448K, used 226538K [0x00000000e0a00000, 0x00000000eed00000, 0x00000000f5900000)
  object space 232448K, 97% used [0x00000000e0a00000,0x00000000ee73a878,0x00000000eed00000)
 Metaspace       used 3917K, capacity 4776K, committed 4864K, reserved 1056768K
  class space    used 437K, capacity 503K, committed 512K, reserved 1048576K
}
Event: 2566.010 GC heap before
{Heap before GC invocations=27148 (full 218):
 PSYoungGen      total 167936K, used 165079K [0x00000000f5900000, 0x0000000100000000, 0x0000000100000000)
  eden space 164864K, 98% used [0x00000000f5900000,0x00000000ff74e7e8,0x00000000ffa00000)
  from space 3072K, 96% used [0x00000000ffa00000,0x00000000ffce7668,0x00000000ffd00000)
  to   space 3072K, 0% used [0x00000000ffd00000,0x00000000ffd00000,0x0000000100000000)
 ParOldGen       total 232448K, used 226538K [0x00000000e0a00000, 0x00000000eed00000, 0x00000000f5900000)
  object space 232448K, 97% used [0x00000000e0a00000,0x00000000ee73a878,0x00000000eed00000)
 Metaspace       used 3917K, capacity 4776K, committed 4864K, reserved 1056768K
  class space    used 437K, capacity 503K, committed 512K, reserved 1048576K
Event: 2566.550 GC heap after
Heap after GC invocations=27148 (full 218):
 PSYoungGen      total 167936K, used 3005K [0x00000000f5900000, 0x0000000100000000, 0x0000000100000000)
  eden space 164864K, 0% used [0x00000000f5900000,0x00000000f5900000,0x00000000ffa00000)
  from space 3072K, 97% used [0x00000000ffd00000,0x00000000fffef6a0,0x0000000100000000)
  to   space 3072K, 0% used [0x00000000ffa00000,0x00000000ffa00000,0x00000000ffd00000)
 ParOldGen       total 232448K, used 229479K [0x00000000e0a00000, 0x00000000eed00000, 0x00000000f5900000)
  object space 232448K, 98% used [0x00000000e0a00000,0x00000000eea19f38,0x00000000eed00000)
 Metaspace       used 3917K, capacity 4776K, committed 4864K, reserved 1056768K
  class space    used 437K, capacity 503K, committed 512K, reserved 1048576K
}
Event: 2566.623 GC heap before
{Heap before GC invocations=27149 (full 219):
 PSYoungGen      total 167936K, used 3005K [0x00000000f5900000, 0x0000000100000000, 0x0000000100000000)
  eden space 164864K, 0% used [0x00000000f5900000,0x00000000f5900000,0x00000000ffa00000)
  from space 3072K, 97% used [0x00000000ffd00000,0x00000000fffef6a0,0x0000000100000000)
  to   space 3072K, 0% used [0x00000000ffa00000,0x00000000ffa00000,0x00000000ffd00000)
 ParOldGen       total 232448K, used 229479K [0x00000000e0a00000, 0x00000000eed00000, 0x00000000f5900000)
  object space 232448K, 98% used [0x00000000e0a00000,0x00000000eea19f38,0x00000000eed00000)
 Metaspace       used 3917K, capacity 4776K, committed 4864K, reserved 1056768K
  class space    used 437K, capacity 503K, committed 512K, reserved 1048576K

